<?xml version="1.0" encoding="UTF-8"?>
<!-- Generated by org.testng.reporters.JUnitXMLReporter -->
<testsuite ignored="0" hostname="DESKTOP-0NN2DFH" failures="1" tests="2" name="Default test(failed)" time="104.351" errors="0" timestamp="2023-04-25T13:14:41 EDT">
  <testcase classname="testcase.Login" name="logs" time="10.093"/>
  <testcase classname="testcase.Diabetices" name="scrapediabetic" time="94.186">
    <failure type="java.lang.IndexOutOfBoundsException" message="Index 9 out of bounds for length 9">
      <![CDATA[java.lang.IndexOutOfBoundsException: Index 9 out of bounds for length 9
at java.base/jdk.internal.util.Preconditions.outOfBounds(Preconditions.java:64)
at java.base/jdk.internal.util.Preconditions.outOfBoundsCheckIndex(Preconditions.java:70)
at java.base/jdk.internal.util.Preconditions.checkIndex(Preconditions.java:266)
at java.base/java.util.Objects.checkIndex(Objects.java:359)
at java.base/java.util.ArrayList.get(ArrayList.java:427)
at testcase.Diabetices.scrapediabetic(Diabetices.java:129)
at java.base/java.util.ArrayList.forEach(ArrayList.java:1511)
... Removed 27 stack frames]]>
    </failure>
  </testcase> <!-- scrapediabetic -->
</testsuite> <!-- Default test(failed) -->
