<?xml version="1.0" encoding="UTF-8"?>
<!-- Generated by org.testng.reporters.JUnitXMLReporter -->
<testsuite ignored="0" hostname="DESKTOP-0NN2DFH" failures="1" tests="1" name="Default test(failed)(failed)" time="0.09" errors="0" timestamp="2023-04-23T17:05:03 EDT">
  <testcase classname="testcase.Diabetic_exclude" name="scrapediabetic" time="0.026">
    <failure type="java.lang.NullPointerException" message="Cannot invoke &amp;quot;org.openqa.selenium.WebDriver.findElement(org.openqa.selenium.By)&amp;quot; because &amp;quot;testcase.Diabetic_exclude.driver&amp;quot; is null">
      <![CDATA[java.lang.NullPointerException: Cannot invoke "org.openqa.selenium.WebDriver.findElement(org.openqa.selenium.By)" because "testcase.Diabetic_exclude.driver" is null
at testcase.Diabetic_exclude.scrapediabetic(Diabetic_exclude.java:50)
at java.base/java.util.ArrayList.forEach(ArrayList.java:1511)
... Removed 27 stack frames]]>
    </failure>
  </testcase> <!-- scrapediabetic -->
</testsuite> <!-- Default test(failed)(failed) -->
